<?xml version="1.0" encoding="UTF-8"?>
<!-- Generated by org.testng.reporters.JUnitReportReporter -->
<testsuite hostname="Ali_ka_khazana" failures="0" tests="4" name="testRunner.userLoginTestCase" time="17.373" errors="0" timestamp="2025-02-23T03:34:50 IST" skipped="0">
  <testcase classname="testRunner.userLoginTestCase" name="runScenario" time="6.586"/>
  <testcase classname="testRunner.userLoginTestCase" name="runScenario" time="3.484"/>
  <testcase classname="testRunner.userLoginTestCase" name="runScenario" time="3.526"/>
  <testcase classname="testRunner.userLoginTestCase" name="runScenario" time="3.777"/>
</testsuite> <!-- testRunner.userLoginTestCase -->
