<?xml version="1.0" encoding="UTF-8"?>
<!-- Generated by org.testng.reporters.JUnitReportReporter -->
<testsuite hostname="Ali_ka_khazana" failures="0" tests="1" name="testRunner.userRegTestCase" time="6.130" errors="0" timestamp="2025-02-23T03:32:31 IST" skipped="0">
  <testcase classname="testRunner.userRegTestCase" name="runScenario" time="6.130"/>
</testsuite> <!-- testRunner.userRegTestCase -->
